<?xml version="1.0" encoding="UTF-8"?>
<testsuites name="Mocha Tests" time="20.179" tests="1" failures="0">
  <testsuite name="Root Suite" timestamp="2023-10-31T10:47:57" tests="0" file="cypress\e2e\RHEA.cy.js" time="0.000" failures="0">
  </testsuite>
  <testsuite name="RHEA Application" timestamp="2023-10-31T10:47:57" tests="1" time="20.176" failures="0">
    <testcase name="RHEA Application verifies the user logged in has the correct name" time="18.400" classname="verifies the user logged in has the correct name">
    </testcase>
  </testsuite>
</testsuites>