<?xml version="1.0" encoding="UTF-8"?>
<testsuites name="Mocha Tests" time="62.440" tests="3" failures="1">
  <testsuite name="Root Suite" timestamp="2023-11-01T13:03:11" tests="0" file="cypress\e2e\rheaaa222.cy.js" time="0.000" failures="0">
  </testsuite>
  <testsuite name="RHEA Application" timestamp="2023-11-01T13:03:11" tests="3" time="62.436" failures="1">
    <testcase name="RHEA Application &quot;before each&quot; hook for &quot;verifies the title&quot;" time="0.000" classname="&quot;before each&quot; hook for &quot;verifies the title&quot;">
      <failure message="Timed out after waiting `60000ms` for your remote page to load.

Your page did not fire its `load` event within `60000ms`.

You can try increasing the `pageLoadTimeout` value in `cypress.config.js` to wait longer.

Browsers will not fire the `load` event until all stylesheets and scripts are done downloading.

When this `load` event occurs, Cypress will continue running commands.

This error occurred while creating the session. Because the session setup failed, we failed the test.

Because this error occurred during a `before each` hook we are skipping the remaining tests in the current suite: `RHEA Application`" type="CypressError"><![CDATA[CypressError: Timed out after waiting `60000ms` for your remote page to load.

Your page did not fire its `load` event within `60000ms`.

You can try increasing the `pageLoadTimeout` value in `cypress.config.js` to wait longer.

Browsers will not fire the `load` event until all stylesheets and scripts are done downloading.

When this `load` event occurs, Cypress will continue running commands.

This error occurred while creating the session. Because the session setup failed, we failed the test.

Because this error occurred during a `before each` hook we are skipping the remaining tests in the current suite: `RHEA Application`
    at timedOutWaitingForPageLoad (https://make.powerapps.com/__cypress/runner/cypress_runner.js:130256:64)
    at <unknown> (https://make.powerapps.com/__cypress/runner/cypress_runner.js:131230:16)
    at tryCatcher (https://make.powerapps.com/__cypress/runner/cypress_runner.js:1807:23)
    at <unknown> (https://make.powerapps.com/__cypress/runner/cypress_runner.js:4186:41)
    at tryCatcher (https://make.powerapps.com/__cypress/runner/cypress_runner.js:1807:23)
    at Promise._settlePromiseFromHandler (https://make.powerapps.com/__cypress/runner/cypress_runner.js:1519:31)
    at Promise._settlePromise (https://make.powerapps.com/__cypress/runner/cypress_runner.js:1576:18)
    at Promise._settlePromise0 (https://make.powerapps.com/__cypress/runner/cypress_runner.js:1621:10)
    at Promise._settlePromises (https://make.powerapps.com/__cypress/runner/cypress_runner.js:1697:18)
    at _drainQueueStep (https://make.powerapps.com/__cypress/runner/cypress_runner.js:2407:12)
    at _drainQueue (https://make.powerapps.com/__cypress/runner/cypress_runner.js:2400:9)
    at Async._drainQueues (https://make.powerapps.com/__cypress/runner/cypress_runner.js:2416:5)
    at Async.drainQueues (https://make.powerapps.com/__cypress/runner/cypress_runner.js:2286:14)
From Your Spec Code:
    at Object.eval [as setup] (webpack://cypress-junit-azure-devops/./cypress/support/e2e.js:34:7)]]></failure>
    </testcase>
  </testsuite>
</testsuites>