<?xml version="1.0" encoding="UTF-8"?>
<testsuites name="Mocha Tests" time="38.524" tests="1" failures="0">
  <testsuite name="Root Suite" timestamp="2023-11-02T05:59:59" tests="0" file="cypress\e2e\web04.cy.js" time="0.000" failures="0">
  </testsuite>
  <testsuite name="PULSES CONTRACT Application" timestamp="2023-11-02T05:59:59" tests="1" time="38.519" failures="0">
    <testcase name="PULSES CONTRACT Application PULSES CONTRACT Application" time="30.193" classname="PULSES CONTRACT Application">
    </testcase>
  </testsuite>
</testsuites>