<?xml version="1.0" encoding="UTF-8"?>
<testsuites name="Mocha Tests" time="6.641" tests="6" failures="0">
  <testsuite name="Root Suite" timestamp="2023-10-31T12:59:55" tests="0" file="cypress\e2e\todo.cy.js" time="0.000" failures="0">
  </testsuite>
  <testsuite name="example to-do app" timestamp="2023-10-31T12:59:55" tests="3" time="0.000" failures="0">
    <testcase name="example to-do app displays two todo items by default" time="1.380" classname="displays two todo items by default">
    </testcase>
    <testcase name="example to-do app can add new todo items" time="0.551" classname="can add new todo items">
    </testcase>
    <testcase name="example to-do app can check off an item as completed" time="0.303" classname="can check off an item as completed">
    </testcase>
  </testsuite>
  <testsuite name="with a checked task" timestamp="2023-10-31T13:00:00" tests="3" time="1.367" failures="0">
    <testcase name="example to-do app with a checked task can filter for uncompleted tasks" time="0.420" classname="can filter for uncompleted tasks">
    </testcase>
    <testcase name="example to-do app with a checked task can filter for completed tasks" time="0.407" classname="can filter for completed tasks">
    </testcase>
    <testcase name="example to-do app with a checked task can delete all completed tasks" time="0.418" classname="can delete all completed tasks">
    </testcase>
  </testsuite>
</testsuites>