<?xml version="1.0" encoding="UTF-8"?>
<testsuites name="Mocha Tests" time="7.670" tests="9" failures="0">
  <testsuite name="Root Suite" timestamp="2023-11-01T06:33:53" tests="0" file="cypress\e2e\ananda\todo.cy.js" time="0.000" failures="0">
  </testsuite>
  <testsuite name="example to-do app" timestamp="2023-11-01T06:33:53" tests="3" time="0.000" failures="0">
    <testcase name="example to-do app displays two todo items by default" time="0.879" classname="displays two todo items by default">
    </testcase>
    <testcase name="example to-do app can add new todo items" time="0.561" classname="can add new todo items">
    </testcase>
    <testcase name="example to-do app can check off an item as completed" time="0.302" classname="can check off an item as completed">
    </testcase>
  </testsuite>
  <testsuite name="with a checked task" timestamp="2023-11-01T06:33:58" tests="6" time="2.560" failures="0">
    <testcase name="example to-do app with a checked task can filter for uncompleted tasks" time="0.402" classname="can filter for uncompleted tasks">
    </testcase>
    <testcase name="example to-do app with a checked task can filter for completed tasks" time="0.381" classname="can filter for completed tasks">
    </testcase>
    <testcase name="example to-do app with a checked task can delete all completed tasks" time="0.376" classname="can delete all completed tasks">
    </testcase>
    <testcase name="example to-do app with a checked task displays two todo items by default" time="0.297" classname="displays two todo items by default">
    </testcase>
    <testcase name="example to-do app with a checked task can add new todo items" time="0.599" classname="can add new todo items">
    </testcase>
    <testcase name="example to-do app with a checked task can check off an item as completed" time="0.309" classname="can check off an item as completed">
    </testcase>
  </testsuite>
</testsuites>